#
# A fatal error has been detected by the Java Runtime Environment:
#
#  Internal Error (javaClasses.cpp:136), pid=7984, tid=5144
#  fatal error: Invalid layout of preloaded class
#
# JRE version:  (7.0_40-b43) (build )
# Java VM: Java HotSpot(TM) Client VM (24.0-b56 mixed mode windows-x86 )
# Failed to write core dump. Minidumps are not enabled by default on client versions of Windows
#
# If you would like to submit a bug report, please visit:
#   http://bugreport.sun.com/bugreport/crash.jsp
#

---------------  T H R E A D  ---------------

Current thread (0x01cac400):  JavaThread "Unknown thread" [_thread_in_vm, id=5144, stack(0x01b70000,0x01bc0000)]

Stack: [0x01b70000,0x01bc0000],  sp=0x01bbf554,  free space=317k
Native frames: (J=compiled Java code, j=interpreted, Vv=VM code, C=native code)
V  [jvm.dll+0x18db91]
V  [jvm.dll+0x187936]
V  [jvm.dll+0x3582a]
V  [jvm.dll+0x358b6]
V  [jvm.dll+0x43fdd]
V  [jvm.dll+0x4428e]
V  [jvm.dll+0x923fa]
V  [jvm.dll+0x927ab]
V  [jvm.dll+0x13d761]
V  [jvm.dll+0x16023c]
V  [jvm.dll+0xc8c5f]
C  [javaw.exe+0x13ce]
C  [javaw.exe+0x1e40]
C  [javaw.exe+0xa5b1]
C  [javaw.exe+0xa63b]
C  [kernel32.dll+0x4ee1c]
C  [ntdll.dll+0x637eb]
C  [ntdll.dll+0x637be]


---------------  P R O C E S S  ---------------

Java Threads: ( => current thread )

Other Threads:

=>0x01cac400 (exited) JavaThread "Unknown thread" [_thread_in_vm, id=5144, stack(0x01b70000,0x01bc0000)]

VM state:not at safepoint (not fully initialized)

VM Mutex/Monitor currently owned by a thread: None

GC Heap History (0 events):
No events

Deoptimization events (0 events):
No events

Internal exceptions (0 events):
No events

Events (10 events):
Event: 1.504 loading class 0x009485a8 done
Event: 1.504 loading class 0x00948038 done
Event: 1.504 loading class 0x00948018
Event: 1.504 loading class 0x0094f340
Event: 1.504 loading class 0x0094f340 done
Event: 1.504 loading class 0x0094f370
Event: 1.504 loading class 0x0094f370 done
Event: 1.504 loading class 0x0094f3a0
Event: 1.505 loading class 0x0094f3a0 done
Event: 1.505 loading class 0x00948018 done


Dynamic libraries:
0x00f40000 - 0x00f6f000 	C:\Program Files\Java\jre7\bin\javaw.exe
0x76fb0000 - 0x770ec000 	C:\Windows\SYSTEM32\ntdll.dll
0x75a80000 - 0x75b54000 	C:\Windows\system32\kernel32.dll
0x75280000 - 0x752cb000 	C:\Windows\system32\KERNELBASE.dll
0x750c0000 - 0x7512d000 	C:\Windows\System32\SYSFER.DLL
0x75d70000 - 0x75e10000 	C:\Windows\system32\ADVAPI32.dll
0x76f00000 - 0x76fac000 	C:\Windows\system32\msvcrt.dll
0x75d50000 - 0x75d69000 	C:\Windows\SYSTEM32\sechost.dll
0x75720000 - 0x757c2000 	C:\Windows\system32\RPCRT4.dll
0x754a0000 - 0x75569000 	C:\Windows\system32\USER32.dll
0x77160000 - 0x771ae000 	C:\Windows\system32\GDI32.dll
0x77140000 - 0x7714a000 	C:\Windows\system32\LPK.dll
0x75b60000 - 0x75bfd000 	C:\Windows\system32\USP10.dll
0x73da0000 - 0x73f3e000 	C:\Windows\WinSxS\x86_microsoft.windows.common-controls_6595b64144ccf1df_6.0.7601.17514_none_41e6975e2bd6f2b2\COMCTL32.dll
0x75440000 - 0x75497000 	C:\Windows\system32\SHLWAPI.dll
0x75d30000 - 0x75d4f000 	C:\Windows\system32\IMM32.DLL
0x75610000 - 0x756dc000 	C:\Windows\system32\MSCTF.dll
0x68000000 - 0x68027000 	C:\Windows\system32\QIPCAP.DLL
0x5a5f0000 - 0x5a6ae000 	C:\Program Files\Java\jre7\bin\msvcr100.dll
0x6df70000 - 0x6e2f0000 	C:\Program Files\Java\jre7\bin\client\jvm.dll
0x720a0000 - 0x720a7000 	C:\Windows\system32\WSOCK32.dll
0x756e0000 - 0x75715000 	C:\Windows\system32\WS2_32.dll
0x75c00000 - 0x75c06000 	C:\Windows\system32\NSI.dll
0x73700000 - 0x73732000 	C:\Windows\system32\WINMM.dll
0x75570000 - 0x75575000 	C:\Windows\system32\PSAPI.DLL
0x6dc00000 - 0x6dc0c000 	C:\Program Files\Java\jre7\bin\verify.dll
0x68750000 - 0x68770000 	C:\Program Files\Java\jre7\bin\java.dll
0x67770000 - 0x67783000 	C:\Program Files\Java\jre7\bin\zip.dll
0x64b40000 - 0x64c2b000 	C:\Windows\system32\dbghelp.dll

VM Arguments:
jvm_args: -Dfile.encoding=Cp1252 -Xbootclasspath:D:\Android SDK and ADT Tool\sdk\platforms\android-19\android.jar 
java_command: com.openxc.vehicle.crash.demo.ReadXMLFile
Launcher Type: SUN_STANDARD

Environment Variables:
PATH=C:/Program Files/Java/jre7/bin/client;C:/Program Files/Java/jre7/bin;C:/Program Files/Java/jre7/lib/i386;C:\Windows\system32;C:\Windows;C:\Windows\System32\Wbem;C:\Windows\System32\WindowsPowerShell\v1.0\;D:\Android SDK and ADT Tool\eclipse;
USERNAME=vishal_ga
OS=Windows_NT
PROCESSOR_IDENTIFIER=x86 Family 6 Model 42 Stepping 7, GenuineIntel



---------------  S Y S T E M  ---------------

OS: Windows 7 Build 7601 Service Pack 1

CPU:total 4 (2 cores per cpu, 2 threads per core) family 6 model 42 stepping 7, cmov, cx8, fxsr, mmx, sse, sse2, sse3, ssse3, sse4.1, sse4.2, popcnt, avx, ht, tsc, tscinvbit

Memory: 4k page, physical 3578276k(1081764k free), swap 7154800k(4118056k free)

vm_info: Java HotSpot(TM) Client VM (24.0-b56) for windows-x86 JRE (1.7.0_40-b43), built on Aug 26 2013 22:34:40 by "java_re" with unknown MS VC++:1600

time: Tue Jul 08 15:01:33 2014
elapsed time: 1 seconds

